<?xml version="1.0" encoding="UTF-8"?>
<robot generator="Robot 3.2.2 (Python 3.9.1 on win32)" generated="20201221 19:49:25.848" rpa="false">
<suite id="s1" name="ValidationProject" source="C:\Users\rabah\eclipse-workspace\ValidationProject">
<suite id="s1-s1" name="testsCases" source="C:\Users\rabah\eclipse-workspace\ValidationProject\testsCases">
<suite id="s1-s1-s1" name="Validation1" source="C:\Users\rabah\eclipse-workspace\ValidationProject\testsCases\validation1.robot">
<test id="s1-s1-s1-t1" name="TC005_valider_title">
<kw name="Open Browser" library="SeleniumLibrary">
<doc>Opens a new browser instance to the optional ``url``.</doc>
<arguments>
<arg>https://login.salesforce.com/?locale=fr-ca</arg>
<arg>gc</arg>
</arguments>
<msg timestamp="20201221 19:49:26.060" level="INFO">Opening browser 'gc' to base url 'https://login.salesforce.com/?locale=fr-ca'.</msg>
<status status="PASS" starttime="20201221 19:49:26.058" endtime="20201221 19:49:29.855"></status>
</kw>
<kw name="Maximize Browser Window" library="SeleniumLibrary">
<doc>Maximizes current browser window.</doc>
<status status="PASS" starttime="20201221 19:49:29.856" endtime="20201221 19:49:32.023"></status>
</kw>
<kw name="Title Should Be" library="SeleniumLibrary">
<doc>Verifies that the current page title equals ``title``.</doc>
<arguments>
<arg>Connexion | Salesforce</arg>
</arguments>
<msg timestamp="20201221 19:49:32.027" level="INFO">Page title is 'Connexion | Salesforce'.</msg>
<status status="PASS" starttime="20201221 19:49:32.023" endtime="20201221 19:49:32.027"></status>
</kw>
<kw name="Element Should Be Visible" library="SeleniumLibrary">
<doc>Verifies that the element identified by ``locator`` is visible.</doc>
<arguments>
<arg>id=username</arg>
</arguments>
<msg timestamp="20201221 19:49:32.047" level="INFO">Element 'id=username' is displayed.</msg>
<status status="PASS" starttime="20201221 19:49:32.027" endtime="20201221 19:49:32.047"></status>
</kw>
<status status="PASS" starttime="20201221 19:49:26.056" endtime="20201221 19:49:32.047" critical="yes"></status>
</test>
<status status="PASS" starttime="20201221 19:49:25.927" endtime="20201221 19:49:32.048"></status>
</suite>
<status status="PASS" starttime="20201221 19:49:25.918" endtime="20201221 19:49:32.050"></status>
</suite>
<status status="PASS" starttime="20201221 19:49:25.901" endtime="20201221 19:49:32.052"></status>
</suite>
<statistics>
<total>
<stat pass="1" fail="0">Critical Tests</stat>
<stat pass="1" fail="0">All Tests</stat>
</total>
<tag>
</tag>
<suite>
<stat pass="1" fail="0" id="s1" name="ValidationProject">ValidationProject</stat>
<stat pass="1" fail="0" id="s1-s1" name="testsCases">ValidationProject.testsCases</stat>
<stat pass="1" fail="0" id="s1-s1-s1" name="Validation1">ValidationProject.testsCases.Validation1</stat>
</suite>
</statistics>
<errors>
</errors>
</robot>
